<?xml version="1.0" encoding="UTF-8"?>
<!-- Generated by org.testng.reporters.JUnitReportReporter -->
<testsuite hostname="IN-5NM9WP3" failures="0" tests="1" name="com.practice.tests.RegisterPageTests" time="8.807" errors="0" timestamp="2023-08-29T18:13:56 IST" skipped="0">
  <testcase classname="com.practice.tests.RegisterPageTests" name="validateNavigationToRegisterPage" time="8.807"/>
</testsuite> <!-- com.practice.tests.RegisterPageTests -->
